Using pre-set license
Built from '2021.1/staging' branch; Version is '2021.1.11f1 (4d8c25f7477e) revision 5082149'; Using compiler version '192528614'; Build Type 'Release'
OS: 'Windows 10 Home; OS build 19042.1237; Version 2009; 64bit' Language: 'ko' Physical Memory: 16281 MB
BatchMode: 1, IsHumanControllingUs: 0, StartBugReporterOnCrash: 0, Is64bit: 1, IsPro: 0

 COMMAND LINE ARGUMENTS:
C:\Program Files\2021.1.11f1\Editor\Unity.exe
-adb2
-batchMode
-noUpm
-name
AssetImportWorker0
-projectPath
D:/Unity_TeamProject/TeamProject_0902
-logFile
Logs/AssetImportWorker0.log
-srvPort
7167
Successfully changed project path to: D:/Unity_TeamProject/TeamProject_0902
D:/Unity_TeamProject/TeamProject_0902
Using Asset Import Pipeline V2.
Refreshing native plugins compatible for Editor in 93.39 ms, found 3 plugins.
Preloading 0 native plugins for Editor in 0.00 ms.
Initialize engine version: 2021.1.11f1 (4d8c25f7477e)
[Subsystems] Discovering subsystems at path C:/Program Files/2021.1.11f1/Editor/Data/Resources/UnitySubsystems
[Subsystems] Discovering subsystems at path D:/Unity_TeamProject/TeamProject_0902/Assets
GfxDevice: creating device client; threaded=0; jobified=0
Direct3D:
    Version:  Direct3D 11.0 [level 11.1]
    Renderer: NVIDIA GeForce GTX 1060 3GB (ID=0x1c02)
    Vendor:   NVIDIA
    VRAM:     2988 MB
    Driver:   27.21.14.5671
Initialize mono
Mono path[0] = 'C:/Program Files/2021.1.11f1/Editor/Data/Managed'
Mono path[1] = 'C:/Program Files/2021.1.11f1/Editor/Data/MonoBleedingEdge/lib/mono/unityjit'
Mono config path = 'C:/Program Files/2021.1.11f1/Editor/Data/MonoBleedingEdge/etc'
Using monoOptions --debugger-agent=transport=dt_socket,embedding=1,server=y,suspend=n,address=127.0.0.1:56584
Begin MonoManager ReloadAssembly
Registering precompiled unity dll's ...
Register platform support module: C:/Program Files/2021.1.11f1/Editor/Data/PlaybackEngines/WindowsStandaloneSupport/UnityEditor.WindowsStandalone.Extensions.dll
Registered in 0.001104 seconds.
Native extension for WindowsStandalone target not found
Refreshing native plugins compatible for Editor in 96.54 ms, found 3 plugins.
Preloading 0 native plugins for Editor in 0.00 ms.
Mono: successfully reloaded assembly
- Completed reload, in  0.789 seconds
Domain Reload Profiling:
	ReloadAssembly (789ms)
		BeginReloadAssembly (34ms)
			ExecutionOrderSort (0ms)
			DisableScriptedObjects (0ms)
			BackupInstance (0ms)
			ReleaseScriptingObjects (0ms)
			CreateAndSetChildDomain (1ms)
		EndReloadAssembly (346ms)
			LoadAssemblies (32ms)
			RebuildTransferFunctionScriptingTraits (0ms)
			SetupTypeCache (103ms)
			ReleaseScriptCaches (0ms)
			RebuildScriptCaches (20ms)
			SetupLoadedEditorAssemblies (190ms)
				LogAssemblyErrors (0ms)
				InitializePlatformSupportModulesInManaged (4ms)
				SetLoadedEditorAssemblies (0ms)
				RefreshPlugins (97ms)
				BeforeProcessingInitializeOnLoad (1ms)
				ProcessInitializeOnLoadAttributes (67ms)
				ProcessInitializeOnLoadMethodAttributes (21ms)
				AfterProcessingInitializeOnLoad (0ms)
				EditorAssembliesLoaded (0ms)
			ExecutionOrderSort2 (0ms)
			AwakeInstancesAfterBackupRestoration (0ms)
Platform modules already initialized, skipping
Registering precompiled user dll's ...
Registered in 0.003501 seconds.
Begin MonoManager ReloadAssembly
Symbol file LoadedFromMemory doesn't match image D:\Unity_TeamProject\TeamProject_0902\Library\PackageCache\com.unity.visualscripting@1.6.1\Editor\VisualScripting.Core\Dependencies\YamlDotNet\Unity.VisualScripting.YamlDotNet.dll
Symbol file LoadedFromMemory doesn't match image D:\Unity_TeamProject\TeamProject_0902\Library\PackageCache\com.unity.visualscripting@1.6.1\Editor\VisualScripting.Core\Dependencies\DotNetZip\Unity.VisualScripting.IonicZip.dll
Native extension for WindowsStandalone target not found
Refreshing native plugins compatible for Editor in 0.86 ms, found 3 plugins.
Preloading 0 native plugins for Editor in 0.00 ms.
Mono: successfully reloaded assembly
- Completed reload, in  0.911 seconds
Domain Reload Profiling:
	ReloadAssembly (911ms)
		BeginReloadAssembly (94ms)
			ExecutionOrderSort (0ms)
			DisableScriptedObjects (3ms)
			BackupInstance (0ms)
			ReleaseScriptingObjects (0ms)
			CreateAndSetChildDomain (14ms)
		EndReloadAssembly (777ms)
			LoadAssemblies (58ms)
			RebuildTransferFunctionScriptingTraits (0ms)
			SetupTypeCache (234ms)
			ReleaseScriptCaches (0ms)
			RebuildScriptCaches (37ms)
			SetupLoadedEditorAssemblies (384ms)
				LogAssemblyErrors (0ms)
				InitializePlatformSupportModulesInManaged (3ms)
				SetLoadedEditorAssemblies (0ms)
				RefreshPlugins (1ms)
				BeforeProcessingInitializeOnLoad (53ms)
				ProcessInitializeOnLoadAttributes (320ms)
				ProcessInitializeOnLoadMethodAttributes (3ms)
				AfterProcessingInitializeOnLoad (4ms)
				EditorAssembliesLoaded (0ms)
			ExecutionOrderSort2 (0ms)
			AwakeInstancesAfterBackupRestoration (4ms)
Platform modules already initialized, skipping
========================================================================
Worker process is ready to serve import requests
Launched and connected shader compiler UnityShaderCompiler.exe after 0.03 seconds
Refreshing native plugins compatible for Editor in 1.05 ms, found 3 plugins.
Preloading 0 native plugins for Editor in 0.00 ms.
Unloading 3759 Unused Serialized files (Serialized files now loaded: 0)
System memory in use before: 326.8 MB.
System memory in use after: 327.0 MB.

Unloading 27 unused Assets to reduce memory usage. Loaded Objects now: 4228.
Total: 2.117200 ms (FindLiveObjects: 0.194900 ms CreateObjectMapping: 0.095000 ms MarkObjects: 1.659700 ms  DeleteObjects: 0.167000 ms)

AssetImportParameters requested are different than current active one (requested -> active):
  custom:framework-win-MediaFoundation: 216162199b28c13a410421893ffa2e32 -> 
  custom:video-decoder-ogg-theora: a1e56fd34408186e4bbccfd4996cb3dc -> 
  custom:container-muxer-webm: aa71ff27fc2769a1b78a27578f13a17b -> 
  custom:container-demuxer-webm: 4f35f7cbe854078d1ac9338744f61a02 -> 
  custom:container-demuxer-ogg: 62fdf1f143b41e24485cea50d1cbac27 -> 
  custom:video-encoder-webm-vp8: eb34c28f22e8b96e1ab97ce403110664 -> 
  custom:video-decoder-webm-vp8: 9c59270c3fd7afecdb556c50c9e8de78 -> 
  custom:audio-decoder-ogg-vorbis: bf7c407c2cedff20999df2af8eb42d56 -> 
  custom:audio-encoder-webm-vorbis: bf7c407c2cedff20999df2af8eb42d56 -> 
========================================================================
Received Import Request.
  path: Assets/Dragon/Scene/UsurperScene.unity
  artifactKey: Guid(cba58fffeb4be854491c94a10cb5f486) Importer(815301076,1909f56bfc062723c751e8b465ee728b)
Start importing Assets/Dragon/Scene/UsurperScene.unity using Guid(cba58fffeb4be854491c94a10cb5f486) Importer(815301076,1909f56bfc062723c751e8b465ee728b)  -> (artifact id: '0768809456b91af082289a1badd29399') in 0.015884 seconds 
========================================================================
Received Import Request.
  Time since last request: 7.086984 seconds.
  path: Assets/MECHANICAL CORPS PACK/ReadMe.jpg
  artifactKey: Guid(00c933c7dfa458d43a869f667242a0a2) Importer(815301076,1909f56bfc062723c751e8b465ee728b)
Start importing Assets/MECHANICAL CORPS PACK/ReadMe.jpg using Guid(00c933c7dfa458d43a869f667242a0a2) Importer(815301076,1909f56bfc062723c751e8b465ee728b)  -> (artifact id: '76fdb010b71e2ef93018eb691f1b6c99') in 0.041025 seconds 
========================================================================
Received Import Request.
  Time since last request: 34.265506 seconds.
  path: Assets/MECHANICAL CORPS PACK/Prefab
  artifactKey: Guid(24d00ce977591024e80669008d5e733f) Importer(815301076,1909f56bfc062723c751e8b465ee728b)
Start importing Assets/MECHANICAL CORPS PACK/Prefab using Guid(24d00ce977591024e80669008d5e733f) Importer(815301076,1909f56bfc062723c751e8b465ee728b)  -> (artifact id: 'ab4db232228119e1fe580543812d7a6a') in 0.004907 seconds 
========================================================================
Received Import Request.
  Time since last request: 1.208840 seconds.
  path: Assets/MECHANICAL CORPS PACK/Prefab/BossT1_1_Ironreaver.prefab
  artifactKey: Guid(d52b132e2f789fd489b089f82f3611b8) Importer(815301076,1909f56bfc062723c751e8b465ee728b)
Start importing Assets/MECHANICAL CORPS PACK/Prefab/BossT1_1_Ironreaver.prefab using Guid(d52b132e2f789fd489b089f82f3611b8) Importer(815301076,1909f56bfc062723c751e8b465ee728b)  -> (artifact id: 'c5243c3ae12c0c8e84f11686469e862c') in 0.281640 seconds 
========================================================================
Received Import Request.
  Time since last request: 180.521162 seconds.
  path: Assets/MECHANICAL CORPS PACK/MECHANICAL CORPS PACK.prefab
  artifactKey: Guid(11d01b61db6c08a48abe1762a7f89ae4) Importer(815301076,1909f56bfc062723c751e8b465ee728b)
Start importing Assets/MECHANICAL CORPS PACK/MECHANICAL CORPS PACK.prefab using Guid(11d01b61db6c08a48abe1762a7f89ae4) Importer(815301076,1909f56bfc062723c751e8b465ee728b)  -> (artifact id: 'caf1ebf67fecfc78228821ee429c1207') in 0.898097 seconds 
========================================================================
Received Import Request.
  Time since last request: 26.785962 seconds.
  path: Assets/MECHANICAL CORPS PACK/MECHANICAL CORPS PACKSettings.lighting
  artifactKey: Guid(69f9d2e25188a6c458d24c1e7ed6fc7d) Importer(815301076,1909f56bfc062723c751e8b465ee728b)
Start importing Assets/MECHANICAL CORPS PACK/MECHANICAL CORPS PACKSettings.lighting using Guid(69f9d2e25188a6c458d24c1e7ed6fc7d) Importer(815301076,1909f56bfc062723c751e8b465ee728b) LightingSettings: switching bake backend from 1 to 0.
 -> (artifact id: '1aaa760214da9de8c168d12fb807583a') in 0.005200 seconds 
========================================================================
Received Import Request.
  Time since last request: 2.432905 seconds.
  path: Assets/MECHANICAL CORPS PACK/SkyBox
  artifactKey: Guid(bf8eed9c0fb60c14ca520b4a95f714a7) Importer(815301076,1909f56bfc062723c751e8b465ee728b)
Start importing Assets/MECHANICAL CORPS PACK/SkyBox using Guid(bf8eed9c0fb60c14ca520b4a95f714a7) Importer(815301076,1909f56bfc062723c751e8b465ee728b)  -> (artifact id: 'fe34564313d94c0373f0abcd0560b537') in 0.004403 seconds 
========================================================================
Received Import Request.
  Time since last request: 3.620761 seconds.
  path: Assets/MECHANICAL CORPS PACK/Materials&&Texture
  artifactKey: Guid(93877420abfee3648809b5d35ea3621e) Importer(815301076,1909f56bfc062723c751e8b465ee728b)
Start importing Assets/MECHANICAL CORPS PACK/Materials&&Texture using Guid(93877420abfee3648809b5d35ea3621e) Importer(815301076,1909f56bfc062723c751e8b465ee728b)  -> (artifact id: '1cb275d3c93844767706354d2abd274f') in 0.004188 seconds 
========================================================================
Received Import Request.
  Time since last request: 1.432355 seconds.
  path: Assets/MECHANICAL CORPS PACK/FBX
  artifactKey: Guid(66e484e35eead724b8baccc500b5056c) Importer(815301076,1909f56bfc062723c751e8b465ee728b)
Start importing Assets/MECHANICAL CORPS PACK/FBX using Guid(66e484e35eead724b8baccc500b5056c) Importer(815301076,1909f56bfc062723c751e8b465ee728b)  -> (artifact id: '4a4e772ac367842c17fe649bbe805813') in 0.004140 seconds 
========================================================================
Received Import Request.
  Time since last request: 1.658013 seconds.
  path: Assets/MECHANICAL CORPS PACK/FBX/1_Born.FBX
  artifactKey: Guid(d64b55b6d3062dd4c98020727a68a4c9) Importer(815301076,1909f56bfc062723c751e8b465ee728b)
Start importing Assets/MECHANICAL CORPS PACK/FBX/1_Born.FBX using Guid(d64b55b6d3062dd4c98020727a68a4c9) Importer(815301076,1909f56bfc062723c751e8b465ee728b)  -> (artifact id: 'bd991f8108a3ea20e1952b34d10b4c34') in 0.197478 seconds 
========================================================================
Received Import Request.
  Time since last request: 1.306094 seconds.
  path: Assets/MECHANICAL CORPS PACK/Camera
  artifactKey: Guid(0d7c80b1015196f429171091adc068dc) Importer(815301076,1909f56bfc062723c751e8b465ee728b)
Start importing Assets/MECHANICAL CORPS PACK/Camera using Guid(0d7c80b1015196f429171091adc068dc) Importer(815301076,1909f56bfc062723c751e8b465ee728b)  -> (artifact id: '9e76b7e17c5c1aa128391e0cb7a412d7') in 0.004365 seconds 
========================================================================
Received Import Request.
  Time since last request: 1.426884 seconds.
  path: Assets/MECHANICAL CORPS PACK/Animations
  artifactKey: Guid(ff53840400618264da828fa9339e52ca) Importer(815301076,1909f56bfc062723c751e8b465ee728b)
Start importing Assets/MECHANICAL CORPS PACK/Animations using Guid(ff53840400618264da828fa9339e52ca) Importer(815301076,1909f56bfc062723c751e8b465ee728b)  -> (artifact id: 'c25a0d16b1ea72ce8f28c59df7e9efac') in 0.004075 seconds 
========================================================================
Received Import Request.
  Time since last request: 7.997994 seconds.
  path: Assets/MECHANICAL CORPS PACK/Prefab/BossT1_2_Ironreaver.prefab
  artifactKey: Guid(b5c89d895e6e1a344a7a79a1d8f4c70a) Importer(815301076,1909f56bfc062723c751e8b465ee728b)
Start importing Assets/MECHANICAL CORPS PACK/Prefab/BossT1_2_Ironreaver.prefab using Guid(b5c89d895e6e1a344a7a79a1d8f4c70a) Importer(815301076,1909f56bfc062723c751e8b465ee728b)  -> (artifact id: '9732eacaae326d69c0e517ab42cf349f') in 0.174423 seconds 
========================================================================
Received Import Request.
  Time since last request: 1.242446 seconds.
  path: Assets/MECHANICAL CORPS PACK/Prefab/BossT1_3_Ironreaver.prefab
  artifactKey: Guid(07f1ec66751941c47b0b8a451bf19f0e) Importer(815301076,1909f56bfc062723c751e8b465ee728b)
Start importing Assets/MECHANICAL CORPS PACK/Prefab/BossT1_3_Ironreaver.prefab using Guid(07f1ec66751941c47b0b8a451bf19f0e) Importer(815301076,1909f56bfc062723c751e8b465ee728b)  -> (artifact id: '6e8037b4af67a48a2fa448fdbeb077ee') in 0.437327 seconds 
========================================================================
Received Import Request.
  Time since last request: 81.708852 seconds.
  path: Assets/MECHANICAL CORPS PACK/Prefab/BossT2_1_Ironreaver.prefab
  artifactKey: Guid(e1515c0708aff474ba12302b9c58d28e) Importer(815301076,1909f56bfc062723c751e8b465ee728b)
Start importing Assets/MECHANICAL CORPS PACK/Prefab/BossT2_1_Ironreaver.prefab using Guid(e1515c0708aff474ba12302b9c58d28e) Importer(815301076,1909f56bfc062723c751e8b465ee728b)  -> (artifact id: '4cd57a6c5c7c07e2744f80fa2b11c1ed') in 0.124409 seconds 
========================================================================
Received Import Request.
  Time since last request: 0.478585 seconds.
  path: Assets/MECHANICAL CORPS PACK/Prefab/BossT2_2_Ironreaver.prefab
  artifactKey: Guid(01a6cd154c2680b4e85add557853eec7) Importer(815301076,1909f56bfc062723c751e8b465ee728b)
Start importing Assets/MECHANICAL CORPS PACK/Prefab/BossT2_2_Ironreaver.prefab using Guid(01a6cd154c2680b4e85add557853eec7) Importer(815301076,1909f56bfc062723c751e8b465ee728b)  -> (artifact id: '11442f979ae1a69c5b420fa60973af9d') in 0.157310 seconds 
========================================================================
Received Import Request.
  Time since last request: 0.589130 seconds.
  path: Assets/MECHANICAL CORPS PACK/Prefab/BossT2_3_Ironreaver.prefab
  artifactKey: Guid(a19bc438b7b067d438ff686512b40e54) Importer(815301076,1909f56bfc062723c751e8b465ee728b)
Start importing Assets/MECHANICAL CORPS PACK/Prefab/BossT2_3_Ironreaver.prefab using Guid(a19bc438b7b067d438ff686512b40e54) Importer(815301076,1909f56bfc062723c751e8b465ee728b)  -> (artifact id: '4d178d451d4d6648553de3f2701ee97e') in 0.410059 seconds 
========================================================================
Received Import Request.
  Time since last request: 5.266053 seconds.
  path: Assets/MECHANICAL CORPS PACK/Prefab/BossT3_1_Ironreaver.prefab
  artifactKey: Guid(7f94a9267b8a5b04597fdf9b2c388193) Importer(815301076,1909f56bfc062723c751e8b465ee728b)
Start importing Assets/MECHANICAL CORPS PACK/Prefab/BossT3_1_Ironreaver.prefab using Guid(7f94a9267b8a5b04597fdf9b2c388193) Importer(815301076,1909f56bfc062723c751e8b465ee728b)  -> (artifact id: '4b2bd6865ae9f5dc7c1528b432a68fb0') in 0.132871 seconds 
========================================================================
Received Import Request.
  Time since last request: 0.502588 seconds.
  path: Assets/MECHANICAL CORPS PACK/Prefab/BossT3_2_Ironreaver.prefab
  artifactKey: Guid(599ef5a82bd45f843a3d2dbc1a6a2fba) Importer(815301076,1909f56bfc062723c751e8b465ee728b)
Start importing Assets/MECHANICAL CORPS PACK/Prefab/BossT3_2_Ironreaver.prefab using Guid(599ef5a82bd45f843a3d2dbc1a6a2fba) Importer(815301076,1909f56bfc062723c751e8b465ee728b)  -> (artifact id: '5f5e7a0224e75d042a3d136b8dac0ca9') in 0.173060 seconds 
========================================================================
Received Import Request.
  Time since last request: 1.334695 seconds.
  path: Assets/MECHANICAL CORPS PACK/Prefab/BossT3_3_Ironreaver.prefab
  artifactKey: Guid(370c5d0fe89fa8d46bd21b1b2a2dc837) Importer(815301076,1909f56bfc062723c751e8b465ee728b)
Start importing Assets/MECHANICAL CORPS PACK/Prefab/BossT3_3_Ironreaver.prefab using Guid(370c5d0fe89fa8d46bd21b1b2a2dc837) Importer(815301076,1909f56bfc062723c751e8b465ee728b)  -> (artifact id: '446444747aed3503752fe2d16934d84d') in 0.427934 seconds 
========================================================================
Received Import Request.
  Time since last request: 0.322588 seconds.
  path: Assets/MECHANICAL CORPS PACK/Prefab/BossT4_1_Ironreaver.prefab
  artifactKey: Guid(d9cfef71c569d6c489dcc4e55f258aa9) Importer(815301076,1909f56bfc062723c751e8b465ee728b)
Start importing Assets/MECHANICAL CORPS PACK/Prefab/BossT4_1_Ironreaver.prefab using Guid(d9cfef71c569d6c489dcc4e55f258aa9) Importer(815301076,1909f56bfc062723c751e8b465ee728b)  -> (artifact id: '01acd3f993a81f65ba38a282ae905db0') in 0.129338 seconds 
========================================================================
Received Import Request.
  Time since last request: 0.442494 seconds.
  path: Assets/MECHANICAL CORPS PACK/Prefab/BossT4_2_Ironreaver.prefab
  artifactKey: Guid(401633b286d988249b33fe5f537d2d21) Importer(815301076,1909f56bfc062723c751e8b465ee728b)
Start importing Assets/MECHANICAL CORPS PACK/Prefab/BossT4_2_Ironreaver.prefab using Guid(401633b286d988249b33fe5f537d2d21) Importer(815301076,1909f56bfc062723c751e8b465ee728b)  -> (artifact id: 'b578c33acdba7060138d240412bdc92d') in 0.174165 seconds 
========================================================================
Received Import Request.
  Time since last request: 0.557162 seconds.
  path: Assets/MECHANICAL CORPS PACK/Prefab/BossT4_3_Ironreaver.prefab
  artifactKey: Guid(a235258cf0028a74b9fa703e045f25ea) Importer(815301076,1909f56bfc062723c751e8b465ee728b)
Start importing Assets/MECHANICAL CORPS PACK/Prefab/BossT4_3_Ironreaver.prefab using Guid(a235258cf0028a74b9fa703e045f25ea) Importer(815301076,1909f56bfc062723c751e8b465ee728b)  -> (artifact id: 'dc80e58cc13806530811d1de4755e6f9') in 0.427694 seconds 
========================================================================
Received Import Request.
  Time since last request: 37.755422 seconds.
  path: Assets/MECHANICAL CORPS PACK/Camera/Camera_1_Born.anim
  artifactKey: Guid(11b79dc0dde9191438a5f9d5e55e8c3f) Importer(815301076,1909f56bfc062723c751e8b465ee728b)
Start importing Assets/MECHANICAL CORPS PACK/Camera/Camera_1_Born.anim using Guid(11b79dc0dde9191438a5f9d5e55e8c3f) Importer(815301076,1909f56bfc062723c751e8b465ee728b)  -> (artifact id: '78aba774ca4a6b2e5d77db23e8427529') in 0.011459 seconds 
========================================================================
Received Import Request.
  Time since last request: 4.327319 seconds.
  path: Assets/MECHANICAL CORPS PACK/Camera/Camera_1_Dead.anim
  artifactKey: Guid(43e11de6b2859064a9161d9fa71b5bdc) Importer(815301076,1909f56bfc062723c751e8b465ee728b)
Start importing Assets/MECHANICAL CORPS PACK/Camera/Camera_1_Dead.anim using Guid(43e11de6b2859064a9161d9fa71b5bdc) Importer(815301076,1909f56bfc062723c751e8b465ee728b)  -> (artifact id: 'f2fe3b7ad84171c888c18da9d023a208') in 0.007964 seconds 
========================================================================
Received Import Request.
  Time since last request: 0.435177 seconds.
  path: Assets/MECHANICAL CORPS PACK/Camera/Camera_1_Skill.anim
  artifactKey: Guid(87125b91c1b2d534bb8fefdf57c8115f) Importer(815301076,1909f56bfc062723c751e8b465ee728b)
Start importing Assets/MECHANICAL CORPS PACK/Camera/Camera_1_Skill.anim using Guid(87125b91c1b2d534bb8fefdf57c8115f) Importer(815301076,1909f56bfc062723c751e8b465ee728b)  -> (artifact id: 'f444b00fb860998b9b67ba2852e7da6b') in 0.006684 seconds 
========================================================================
Received Import Request.
  Time since last request: 0.374175 seconds.
  path: Assets/MECHANICAL CORPS PACK/Camera/Camera_3_Atk2.anim
  artifactKey: Guid(3603b331af428e2429ec48ed6bbb0a06) Importer(815301076,1909f56bfc062723c751e8b465ee728b)
Start importing Assets/MECHANICAL CORPS PACK/Camera/Camera_3_Atk2.anim using Guid(3603b331af428e2429ec48ed6bbb0a06) Importer(815301076,1909f56bfc062723c751e8b465ee728b)  -> (artifact id: '2d4b2393f3f580d34760904d4e9ea0dc') in 0.007749 seconds 
========================================================================
Received Import Request.
  Time since last request: 8.415118 seconds.
  path: Assets/MECHANICAL CORPS PACK/MECHANICAL CORPS PACK.unity
  artifactKey: Guid(810ad27ad846d49428cd66437b77152a) Importer(815301076,1909f56bfc062723c751e8b465ee728b)
Start importing Assets/MECHANICAL CORPS PACK/MECHANICAL CORPS PACK.unity using Guid(810ad27ad846d49428cd66437b77152a) Importer(815301076,1909f56bfc062723c751e8b465ee728b)  -> (artifact id: '2ed5ecfee71f060c1becc90ca9ec905f') in 0.004851 seconds 
========================================================================
Received Prepare
Registering precompiled user dll's ...
Registered in 0.003660 seconds.
Begin MonoManager ReloadAssembly
Symbol file LoadedFromMemory doesn't match image D:\Unity_TeamProject\TeamProject_0902\Library\PackageCache\com.unity.visualscripting@1.6.1\Editor\VisualScripting.Core\Dependencies\YamlDotNet\Unity.VisualScripting.YamlDotNet.dll
Symbol file LoadedFromMemory doesn't match image D:\Unity_TeamProject\TeamProject_0902\Library\PackageCache\com.unity.visualscripting@1.6.1\Editor\VisualScripting.Core\Dependencies\DotNetZip\Unity.VisualScripting.IonicZip.dll
Native extension for WindowsStandalone target not found
Refreshing native plugins compatible for Editor in 0.84 ms, found 3 plugins.
Preloading 0 native plugins for Editor in 0.00 ms.
Mono: successfully reloaded assembly
- Completed reload, in  0.837 seconds
Domain Reload Profiling:
	ReloadAssembly (838ms)
		BeginReloadAssembly (86ms)
			ExecutionOrderSort (0ms)
			DisableScriptedObjects (3ms)
			BackupInstance (0ms)
			ReleaseScriptingObjects (0ms)
			CreateAndSetChildDomain (30ms)
		EndReloadAssembly (712ms)
			LoadAssemblies (59ms)
			RebuildTransferFunctionScriptingTraits (0ms)
			SetupTypeCache (268ms)
			ReleaseScriptCaches (1ms)
			RebuildScriptCaches (30ms)
			SetupLoadedEditorAssemblies (283ms)
				LogAssemblyErrors (0ms)
				InitializePlatformSupportModulesInManaged (3ms)
				SetLoadedEditorAssemblies (0ms)
				RefreshPlugins (1ms)
				BeforeProcessingInitializeOnLoad (39ms)
				ProcessInitializeOnLoadAttributes (233ms)
				ProcessInitializeOnLoadMethodAttributes (3ms)
				AfterProcessingInitializeOnLoad (4ms)
				EditorAssembliesLoaded (0ms)
			ExecutionOrderSort2 (0ms)
			AwakeInstancesAfterBackupRestoration (7ms)
Platform modules already initialized, skipping
Refreshing native plugins compatible for Editor in 1.10 ms, found 3 plugins.
Preloading 0 native plugins for Editor in 0.00 ms.
Unloading 3662 Unused Serialized files (Serialized files now loaded: 0)
System memory in use before: 337.9 MB.
System memory in use after: 338.2 MB.

Unloading 23 unused Assets to reduce memory usage. Loaded Objects now: 4258.
Total: 2.154200 ms (FindLiveObjects: 0.341800 ms CreateObjectMapping: 0.160100 ms MarkObjects: 1.634900 ms  DeleteObjects: 0.016400 ms)

AssetImportParameters requested are different than current active one (requested -> active):
  custom:framework-win-MediaFoundation: 216162199b28c13a410421893ffa2e32 -> 
  custom:video-decoder-ogg-theora: a1e56fd34408186e4bbccfd4996cb3dc -> 
  custom:container-muxer-webm: aa71ff27fc2769a1b78a27578f13a17b -> 
  custom:container-demuxer-webm: 4f35f7cbe854078d1ac9338744f61a02 -> 
  custom:container-demuxer-ogg: 62fdf1f143b41e24485cea50d1cbac27 -> 
  custom:video-encoder-webm-vp8: eb34c28f22e8b96e1ab97ce403110664 -> 
  custom:video-decoder-webm-vp8: 9c59270c3fd7afecdb556c50c9e8de78 -> 
  custom:audio-decoder-ogg-vorbis: bf7c407c2cedff20999df2af8eb42d56 -> 
  custom:audio-encoder-webm-vorbis: bf7c407c2cedff20999df2af8eb42d56 -> 
========================================================================
Received Import Request.
  Time since last request: 93.603403 seconds.
  path: Assets/Ball Hermit Blast Robot Evolution Pack Cute Series/Hermit Robot Cute Series
  artifactKey: Guid(6fd167f1d70341b4b91ce0126b709ce1) Importer(815301076,1909f56bfc062723c751e8b465ee728b)
Start importing Assets/Ball Hermit Blast Robot Evolution Pack Cute Series/Hermit Robot Cute Series using Guid(6fd167f1d70341b4b91ce0126b709ce1) Importer(815301076,1909f56bfc062723c751e8b465ee728b)  -> (artifact id: '45a3a5e1a96db166a6ce97aa060caa1a') in 0.007537 seconds 
========================================================================
Received Import Request.
  Time since last request: 0.531442 seconds.
  path: Assets/Ball Hermit Blast Robot Evolution Pack Cute Series/Cute series demo assets
  artifactKey: Guid(0ec09d827ae35474ca125146e7c11343) Importer(815301076,1909f56bfc062723c751e8b465ee728b)
Start importing Assets/Ball Hermit Blast Robot Evolution Pack Cute Series/Cute series demo assets using Guid(0ec09d827ae35474ca125146e7c11343) Importer(815301076,1909f56bfc062723c751e8b465ee728b)  -> (artifact id: '26a9c0cb2c38217dc821405c995dc4bf') in 0.004536 seconds 
========================================================================
Received Import Request.
  Time since last request: 0.403782 seconds.
  path: Assets/Ball Hermit Blast Robot Evolution Pack Cute Series/Blast Robot Cute Series
  artifactKey: Guid(35be95f2b43df114b94dafdb2e899d1f) Importer(815301076,1909f56bfc062723c751e8b465ee728b)
Start importing Assets/Ball Hermit Blast Robot Evolution Pack Cute Series/Blast Robot Cute Series using Guid(35be95f2b43df114b94dafdb2e899d1f) Importer(815301076,1909f56bfc062723c751e8b465ee728b)  -> (artifact id: '90c3e7989a14eaba6e483db84336653c') in 0.004530 seconds 
========================================================================
Received Import Request.
  Time since last request: 2.471255 seconds.
  path: Assets/Ball Hermit Blast Robot Evolution Pack Cute Series/Blast Robot Cute Series/Read Me
  artifactKey: Guid(5ab162fd952c3874cb9c52f7df48444d) Importer(815301076,1909f56bfc062723c751e8b465ee728b)
Start importing Assets/Ball Hermit Blast Robot Evolution Pack Cute Series/Blast Robot Cute Series/Read Me using Guid(5ab162fd952c3874cb9c52f7df48444d) Importer(815301076,1909f56bfc062723c751e8b465ee728b)  -> (artifact id: '0a3fe43c62ce854e1aa4157cfff26867') in 0.004387 seconds 
========================================================================
Received Import Request.
  Time since last request: 11.759509 seconds.
  path: Assets/Scenes/MainScene_copy.unity
  artifactKey: Guid(57f5191d51f1eb5498ac6e8a27019ba2) Importer(815301076,1909f56bfc062723c751e8b465ee728b)
Start importing Assets/Scenes/MainScene_copy.unity using Guid(57f5191d51f1eb5498ac6e8a27019ba2) Importer(815301076,1909f56bfc062723c751e8b465ee728b)  -> (artifact id: 'b29c9c545844b15da93e17b645b2e320') in 0.018828 seconds 
========================================================================
Received Import Request.
  Time since last request: 22.809313 seconds.
  path: Assets/Enemy
  artifactKey: Guid(caad4401be718224f977f00a8d34d9fb) Importer(815301076,1909f56bfc062723c751e8b465ee728b)
Start importing Assets/Enemy using Guid(caad4401be718224f977f00a8d34d9fb) Importer(815301076,1909f56bfc062723c751e8b465ee728b)  -> (artifact id: 'ee429ff137f5099e3f53272ee7860a4c') in 0.004839 seconds 
========================================================================
Received Import Request.
  Time since last request: 12.389853 seconds.
  path: Assets/Dragon/Animations
  artifactKey: Guid(16e415a8dc4a2c14191fdd1286652c36) Importer(815301076,1909f56bfc062723c751e8b465ee728b)
Start importing Assets/Dragon/Animations using Guid(16e415a8dc4a2c14191fdd1286652c36) Importer(815301076,1909f56bfc062723c751e8b465ee728b)  -> (artifact id: 'e3ffce966ce8b990996f4b0130cb6d02') in 0.001743 seconds 
========================================================================
Received Import Request.
  Time since last request: 2.399147 seconds.
  path: Assets/Dragon/Prefab
  artifactKey: Guid(4375e93352605df4cbdaa1c202fbe8e6) Importer(815301076,1909f56bfc062723c751e8b465ee728b)
Start importing Assets/Dragon/Prefab using Guid(4375e93352605df4cbdaa1c202fbe8e6) Importer(815301076,1909f56bfc062723c751e8b465ee728b)  -> (artifact id: '99c837a094e543a11ee21dc40f5f7fc3') in 0.001669 seconds 
========================================================================
Received Import Request.
  Time since last request: 1.135198 seconds.
  path: Assets/Dragon/Prefab/DragonTerrorBringer
  artifactKey: Guid(318ed8b844006974bafd7411323cfa4a) Importer(815301076,1909f56bfc062723c751e8b465ee728b)
Start importing Assets/Dragon/Prefab/DragonTerrorBringer using Guid(318ed8b844006974bafd7411323cfa4a) Importer(815301076,1909f56bfc062723c751e8b465ee728b)  -> (artifact id: '62550a8e359f428f07a92c4d4f626dd3') in 0.003946 seconds 
========================================================================
Received Import Request.
  Time since last request: 1.279746 seconds.
  path: Assets/Dragon/Prefab/DragonUsurper
  artifactKey: Guid(da286c563d238e04c94cb6f9aa0a8331) Importer(815301076,1909f56bfc062723c751e8b465ee728b)
Start importing Assets/Dragon/Prefab/DragonUsurper using Guid(da286c563d238e04c94cb6f9aa0a8331) Importer(815301076,1909f56bfc062723c751e8b465ee728b)  -> (artifact id: 'd9db98eb82efc8bbfd2906e6804f848f') in 0.004163 seconds 
========================================================================
Received Import Request.
  Time since last request: 0.601568 seconds.
  path: Assets/Dragon/Prefab/DragonUsurper/Green.prefab
  artifactKey: Guid(aeb4794909bc89d43b72ad784903e0f5) Importer(815301076,1909f56bfc062723c751e8b465ee728b)
Start importing Assets/Dragon/Prefab/DragonUsurper/Green.prefab using Guid(aeb4794909bc89d43b72ad784903e0f5) Importer(815301076,1909f56bfc062723c751e8b465ee728b)  -> (artifact id: 'eac840098bf6ce29909b846bd17d2c21') in 0.494040 seconds 
========================================================================
Received Import Request.
  Time since last request: 0.045525 seconds.
  path: Assets/Dragon/Prefab/DragonUsurper/Purple.prefab
  artifactKey: Guid(09ade59177310454ba3c93ae4b7dc125) Importer(815301076,1909f56bfc062723c751e8b465ee728b)
Start importing Assets/Dragon/Prefab/DragonUsurper/Purple.prefab using Guid(09ade59177310454ba3c93ae4b7dc125) Importer(815301076,1909f56bfc062723c751e8b465ee728b)  -> (artifact id: '60b1c72fa0c1ef55b893fb4ceb0dc1ff') in 0.069393 seconds 
========================================================================
Received Import Request.
  Time since last request: 0.839092 seconds.
  path: Assets/Dragon/Prefab/DragonUsurper/Red.prefab
  artifactKey: Guid(eb58e8f2831a51f45a44a261e6710cdd) Importer(815301076,1909f56bfc062723c751e8b465ee728b)
Start importing Assets/Dragon/Prefab/DragonUsurper/Red.prefab using Guid(eb58e8f2831a51f45a44a261e6710cdd) Importer(815301076,1909f56bfc062723c751e8b465ee728b)  -> (artifact id: '53bae1a9f3bc9764d00acb55a27e499f') in 0.075702 seconds 
========================================================================
Received Import Request.
  Time since last request: 1.044947 seconds.
  path: Assets/Dragon/Prefab/DragonUsurper/Blue.prefab
  artifactKey: Guid(445a5c29e7f715947b713a753f242af0) Importer(815301076,1909f56bfc062723c751e8b465ee728b)
Start importing Assets/Dragon/Prefab/DragonUsurper/Blue.prefab using Guid(445a5c29e7f715947b713a753f242af0) Importer(815301076,1909f56bfc062723c751e8b465ee728b)  -> (artifact id: '5ddc0010850b8f28ef7bdaa0ec4bd51f') in 0.072590 seconds 
========================================================================
Received Import Request.
  Time since last request: 16.356673 seconds.
  path: Assets/Enemy/MECHANICAL CORPS PACK
  artifactKey: Guid(2d1c2287fb7108842a0a921ac4c50796) Importer(815301076,1909f56bfc062723c751e8b465ee728b)
Start importing Assets/Enemy/MECHANICAL CORPS PACK using Guid(2d1c2287fb7108842a0a921ac4c50796) Importer(815301076,1909f56bfc062723c751e8b465ee728b)  -> (artifact id: '71b6467d904823ba10dc4ff549421802') in 0.002053 seconds 
========================================================================
Received Prepare
Registering precompiled user dll's ...
Registered in 0.003808 seconds.
Begin MonoManager ReloadAssembly
Symbol file LoadedFromMemory doesn't match image D:\Unity_TeamProject\TeamProject_0902\Library\PackageCache\com.unity.visualscripting@1.6.1\Editor\VisualScripting.Core\Dependencies\YamlDotNet\Unity.VisualScripting.YamlDotNet.dll
Symbol file LoadedFromMemory doesn't match image D:\Unity_TeamProject\TeamProject_0902\Library\PackageCache\com.unity.visualscripting@1.6.1\Editor\VisualScripting.Core\Dependencies\DotNetZip\Unity.VisualScripting.IonicZip.dll
Native extension for WindowsStandalone target not found
Refreshing native plugins compatible for Editor in 0.84 ms, found 3 plugins.
Preloading 0 native plugins for Editor in 0.00 ms.
Mono: successfully reloaded assembly
- Completed reload, in  0.796 seconds
Domain Reload Profiling:
	ReloadAssembly (797ms)
		BeginReloadAssembly (80ms)
			ExecutionOrderSort (0ms)
			DisableScriptedObjects (3ms)
			BackupInstance (0ms)
			ReleaseScriptingObjects (0ms)
			CreateAndSetChildDomain (31ms)
		EndReloadAssembly (678ms)
			LoadAssemblies (58ms)
			RebuildTransferFunctionScriptingTraits (0ms)
			SetupTypeCache (238ms)
			ReleaseScriptCaches (1ms)
			RebuildScriptCaches (31ms)
			SetupLoadedEditorAssemblies (284ms)
				LogAssemblyErrors (0ms)
				InitializePlatformSupportModulesInManaged (3ms)
				SetLoadedEditorAssemblies (0ms)
				RefreshPlugins (1ms)
				BeforeProcessingInitializeOnLoad (40ms)
				ProcessInitializeOnLoadAttributes (233ms)
				ProcessInitializeOnLoadMethodAttributes (3ms)
				AfterProcessingInitializeOnLoad (4ms)
				EditorAssembliesLoaded (0ms)
			ExecutionOrderSort2 (0ms)
			AwakeInstancesAfterBackupRestoration (6ms)
Platform modules already initialized, skipping
Refreshing native plugins compatible for Editor in 0.92 ms, found 3 plugins.
Preloading 0 native plugins for Editor in 0.00 ms.
Unloading 3661 Unused Serialized files (Serialized files now loaded: 0)
System memory in use before: 338.0 MB.
System memory in use after: 338.3 MB.

Unloading 22 unused Assets to reduce memory usage. Loaded Objects now: 4262.
Total: 1.989600 ms (FindLiveObjects: 0.210200 ms CreateObjectMapping: 0.088300 ms MarkObjects: 1.674600 ms  DeleteObjects: 0.015300 ms)

AssetImportParameters requested are different than current active one (requested -> active):
  custom:framework-win-MediaFoundation: 216162199b28c13a410421893ffa2e32 -> 
  custom:video-decoder-ogg-theora: a1e56fd34408186e4bbccfd4996cb3dc -> 
  custom:container-muxer-webm: aa71ff27fc2769a1b78a27578f13a17b -> 
  custom:container-demuxer-webm: 4f35f7cbe854078d1ac9338744f61a02 -> 
  custom:container-demuxer-ogg: 62fdf1f143b41e24485cea50d1cbac27 -> 
  custom:video-encoder-webm-vp8: eb34c28f22e8b96e1ab97ce403110664 -> 
  custom:video-decoder-webm-vp8: 9c59270c3fd7afecdb556c50c9e8de78 -> 
  custom:audio-decoder-ogg-vorbis: bf7c407c2cedff20999df2af8eb42d56 -> 
  custom:audio-encoder-webm-vorbis: bf7c407c2cedff20999df2af8eb42d56 -> 
========================================================================
Received Prepare
Registering precompiled user dll's ...
Registered in 0.003819 seconds.
Begin MonoManager ReloadAssembly
Symbol file LoadedFromMemory doesn't match image D:\Unity_TeamProject\TeamProject_0902\Library\PackageCache\com.unity.visualscripting@1.6.1\Editor\VisualScripting.Core\Dependencies\YamlDotNet\Unity.VisualScripting.YamlDotNet.dll
Symbol file LoadedFromMemory doesn't match image D:\Unity_TeamProject\TeamProject_0902\Library\PackageCache\com.unity.visualscripting@1.6.1\Editor\VisualScripting.Core\Dependencies\DotNetZip\Unity.VisualScripting.IonicZip.dll
Native extension for WindowsStandalone target not found
Refreshing native plugins compatible for Editor in 1.74 ms, found 3 plugins.
Preloading 0 native plugins for Editor in 0.00 ms.
Mono: successfully reloaded assembly
- Completed reload, in  0.968 seconds
Domain Reload Profiling:
	ReloadAssembly (969ms)
		BeginReloadAssembly (99ms)
			ExecutionOrderSort (0ms)
			DisableScriptedObjects (4ms)
			BackupInstance (0ms)
			ReleaseScriptingObjects (0ms)
			CreateAndSetChildDomain (30ms)
		EndReloadAssembly (823ms)
			LoadAssemblies (69ms)
			RebuildTransferFunctionScriptingTraits (0ms)
			SetupTypeCache (291ms)
			ReleaseScriptCaches (1ms)
			RebuildScriptCaches (34ms)
			SetupLoadedEditorAssemblies (340ms)
				LogAssemblyErrors (0ms)
				InitializePlatformSupportModulesInManaged (4ms)
				SetLoadedEditorAssemblies (1ms)
				RefreshPlugins (2ms)
				BeforeProcessingInitializeOnLoad (46ms)
				ProcessInitializeOnLoadAttributes (279ms)
				ProcessInitializeOnLoadMethodAttributes (4ms)
				AfterProcessingInitializeOnLoad (4ms)
				EditorAssembliesLoaded (0ms)
			ExecutionOrderSort2 (0ms)
			AwakeInstancesAfterBackupRestoration (8ms)
Platform modules already initialized, skipping
Refreshing native plugins compatible for Editor in 0.96 ms, found 3 plugins.
Preloading 0 native plugins for Editor in 0.00 ms.
Unloading 3661 Unused Serialized files (Serialized files now loaded: 0)
System memory in use before: 338.1 MB.
System memory in use after: 338.3 MB.

Unloading 22 unused Assets to reduce memory usage. Loaded Objects now: 4265.
Total: 2.408100 ms (FindLiveObjects: 0.287900 ms CreateObjectMapping: 0.116300 ms MarkObjects: 1.986100 ms  DeleteObjects: 0.016900 ms)

AssetImportParameters requested are different than current active one (requested -> active):
  custom:framework-win-MediaFoundation: 216162199b28c13a410421893ffa2e32 -> 
  custom:video-decoder-ogg-theora: a1e56fd34408186e4bbccfd4996cb3dc -> 
  custom:container-muxer-webm: aa71ff27fc2769a1b78a27578f13a17b -> 
  custom:container-demuxer-webm: 4f35f7cbe854078d1ac9338744f61a02 -> 
  custom:container-demuxer-ogg: 62fdf1f143b41e24485cea50d1cbac27 -> 
  custom:video-encoder-webm-vp8: eb34c28f22e8b96e1ab97ce403110664 -> 
  custom:video-decoder-webm-vp8: 9c59270c3fd7afecdb556c50c9e8de78 -> 
  custom:audio-decoder-ogg-vorbis: bf7c407c2cedff20999df2af8eb42d56 -> 
  custom:audio-encoder-webm-vorbis: bf7c407c2cedff20999df2af8eb42d56 -> 
========================================================================
Received Import Request.
  Time since last request: 2350.032424 seconds.
  path: Assets/Scenes/MainScene.unity
  artifactKey: Guid(5ed7db144c7600e4fb42b47028118a49) Importer(815301076,1909f56bfc062723c751e8b465ee728b)
Start importing Assets/Scenes/MainScene.unity using Guid(5ed7db144c7600e4fb42b47028118a49) Importer(815301076,1909f56bfc062723c751e8b465ee728b)  -> (artifact id: 'ff0799e125b2f85c4004785f67424e09') in 0.030182 seconds 
========================================================================
Received Import Request.
  Time since last request: 26.594400 seconds.
  path: Assets/Scenes/MainScene_copy.unity
  artifactKey: Guid(57f5191d51f1eb5498ac6e8a27019ba2) Importer(815301076,1909f56bfc062723c751e8b465ee728b)
Start importing Assets/Scenes/MainScene_copy.unity using Guid(57f5191d51f1eb5498ac6e8a27019ba2) Importer(815301076,1909f56bfc062723c751e8b465ee728b)  -> (artifact id: 'a169096d4ba28344d54bfec4d66fa295') in 0.004937 seconds 
========================================================================
Received Prepare
Registering precompiled user dll's ...
Registered in 0.003467 seconds.
Begin MonoManager ReloadAssembly
Symbol file LoadedFromMemory doesn't match image D:\Unity_TeamProject\TeamProject_0902\Library\PackageCache\com.unity.visualscripting@1.6.1\Editor\VisualScripting.Core\Dependencies\YamlDotNet\Unity.VisualScripting.YamlDotNet.dll
Symbol file LoadedFromMemory doesn't match image D:\Unity_TeamProject\TeamProject_0902\Library\PackageCache\com.unity.visualscripting@1.6.1\Editor\VisualScripting.Core\Dependencies\DotNetZip\Unity.VisualScripting.IonicZip.dll
Native extension for WindowsStandalone target not found
Refreshing native plugins compatible for Editor in 0.87 ms, found 3 plugins.
Preloading 0 native plugins for Editor in 0.00 ms.
Mono: successfully reloaded assembly
- Completed reload, in  0.809 seconds
Domain Reload Profiling:
	ReloadAssembly (809ms)
		BeginReloadAssembly (94ms)
			ExecutionOrderSort (0ms)
			DisableScriptedObjects (4ms)
			BackupInstance (0ms)
			ReleaseScriptingObjects (0ms)
			CreateAndSetChildDomain (30ms)
		EndReloadAssembly (676ms)
			LoadAssemblies (60ms)
			RebuildTransferFunctionScriptingTraits (0ms)
			SetupTypeCache (233ms)
			ReleaseScriptCaches (1ms)
			RebuildScriptCaches (29ms)
			SetupLoadedEditorAssemblies (283ms)
				LogAssemblyErrors (0ms)
				InitializePlatformSupportModulesInManaged (3ms)
				SetLoadedEditorAssemblies (0ms)
				RefreshPlugins (1ms)
				BeforeProcessingInitializeOnLoad (40ms)
				ProcessInitializeOnLoadAttributes (231ms)
				ProcessInitializeOnLoadMethodAttributes (4ms)
				AfterProcessingInitializeOnLoad (4ms)
				EditorAssembliesLoaded (0ms)
			ExecutionOrderSort2 (0ms)
			AwakeInstancesAfterBackupRestoration (7ms)
Platform modules already initialized, skipping
Refreshing native plugins compatible for Editor in 0.91 ms, found 3 plugins.
Preloading 0 native plugins for Editor in 0.00 ms.
Unloading 3661 Unused Serialized files (Serialized files now loaded: 0)
System memory in use before: 338.1 MB.
System memory in use after: 338.3 MB.

Unloading 22 unused Assets to reduce memory usage. Loaded Objects now: 4268.
Total: 2.114600 ms (FindLiveObjects: 0.218800 ms CreateObjectMapping: 0.097100 ms MarkObjects: 1.781800 ms  DeleteObjects: 0.016100 ms)

AssetImportParameters requested are different than current active one (requested -> active):
  custom:framework-win-MediaFoundation: 216162199b28c13a410421893ffa2e32 -> 
  custom:video-decoder-ogg-theora: a1e56fd34408186e4bbccfd4996cb3dc -> 
  custom:container-muxer-webm: aa71ff27fc2769a1b78a27578f13a17b -> 
  custom:container-demuxer-webm: 4f35f7cbe854078d1ac9338744f61a02 -> 
  custom:container-demuxer-ogg: 62fdf1f143b41e24485cea50d1cbac27 -> 
  custom:video-encoder-webm-vp8: eb34c28f22e8b96e1ab97ce403110664 -> 
  custom:video-decoder-webm-vp8: 9c59270c3fd7afecdb556c50c9e8de78 -> 
  custom:audio-decoder-ogg-vorbis: bf7c407c2cedff20999df2af8eb42d56 -> 
  custom:audio-encoder-webm-vorbis: bf7c407c2cedff20999df2af8eb42d56 -> 
========================================================================
Received Prepare
Registering precompiled user dll's ...
Registered in 0.004230 seconds.
Begin MonoManager ReloadAssembly
Symbol file LoadedFromMemory doesn't match image D:\Unity_TeamProject\TeamProject_0902\Library\PackageCache\com.unity.visualscripting@1.6.1\Editor\VisualScripting.Core\Dependencies\YamlDotNet\Unity.VisualScripting.YamlDotNet.dll
Symbol file LoadedFromMemory doesn't match image D:\Unity_TeamProject\TeamProject_0902\Library\PackageCache\com.unity.visualscripting@1.6.1\Editor\VisualScripting.Core\Dependencies\DotNetZip\Unity.VisualScripting.IonicZip.dll
Native extension for WindowsStandalone target not found
Refreshing native plugins compatible for Editor in 0.93 ms, found 3 plugins.
Preloading 0 native plugins for Editor in 0.00 ms.
Mono: successfully reloaded assembly
- Completed reload, in  0.930 seconds
Domain Reload Profiling:
	ReloadAssembly (930ms)
		BeginReloadAssembly (88ms)
			ExecutionOrderSort (0ms)
			DisableScriptedObjects (4ms)
			BackupInstance (0ms)
			ReleaseScriptingObjects (0ms)
			CreateAndSetChildDomain (30ms)
		EndReloadAssembly (795ms)
			LoadAssemblies (69ms)
			RebuildTransferFunctionScriptingTraits (0ms)
			SetupTypeCache (279ms)
			ReleaseScriptCaches (1ms)
			RebuildScriptCaches (34ms)
			SetupLoadedEditorAssemblies (328ms)
				LogAssemblyErrors (0ms)
				InitializePlatformSupportModulesInManaged (4ms)
				SetLoadedEditorAssemblies (0ms)
				RefreshPlugins (1ms)
				BeforeProcessingInitializeOnLoad (45ms)
				ProcessInitializeOnLoadAttributes (268ms)
				ProcessInitializeOnLoadMethodAttributes (4ms)
				AfterProcessingInitializeOnLoad (4ms)
				EditorAssembliesLoaded (0ms)
			ExecutionOrderSort2 (0ms)
			AwakeInstancesAfterBackupRestoration (8ms)
Platform modules already initialized, skipping
Refreshing native plugins compatible for Editor in 1.05 ms, found 3 plugins.
Preloading 0 native plugins for Editor in 0.00 ms.
Unloading 3661 Unused Serialized files (Serialized files now loaded: 0)
System memory in use before: 338.1 MB.
System memory in use after: 338.4 MB.

Unloading 22 unused Assets to reduce memory usage. Loaded Objects now: 4271.
Total: 2.217200 ms (FindLiveObjects: 0.289500 ms CreateObjectMapping: 0.122700 ms MarkObjects: 1.785700 ms  DeleteObjects: 0.018600 ms)

AssetImportParameters requested are different than current active one (requested -> active):
  custom:framework-win-MediaFoundation: 216162199b28c13a410421893ffa2e32 -> 
  custom:video-decoder-ogg-theora: a1e56fd34408186e4bbccfd4996cb3dc -> 
  custom:container-muxer-webm: aa71ff27fc2769a1b78a27578f13a17b -> 
  custom:container-demuxer-webm: 4f35f7cbe854078d1ac9338744f61a02 -> 
  custom:container-demuxer-ogg: 62fdf1f143b41e24485cea50d1cbac27 -> 
  custom:video-encoder-webm-vp8: eb34c28f22e8b96e1ab97ce403110664 -> 
  custom:video-decoder-webm-vp8: 9c59270c3fd7afecdb556c50c9e8de78 -> 
  custom:audio-decoder-ogg-vorbis: bf7c407c2cedff20999df2af8eb42d56 -> 
  custom:audio-encoder-webm-vorbis: bf7c407c2cedff20999df2af8eb42d56 -> 
========================================================================
Received Prepare
Registering precompiled user dll's ...
Registered in 0.003371 seconds.
Begin MonoManager ReloadAssembly
Symbol file LoadedFromMemory doesn't match image D:\Unity_TeamProject\TeamProject_0902\Library\PackageCache\com.unity.visualscripting@1.6.1\Editor\VisualScripting.Core\Dependencies\YamlDotNet\Unity.VisualScripting.YamlDotNet.dll
Symbol file LoadedFromMemory doesn't match image D:\Unity_TeamProject\TeamProject_0902\Library\PackageCache\com.unity.visualscripting@1.6.1\Editor\VisualScripting.Core\Dependencies\DotNetZip\Unity.VisualScripting.IonicZip.dll
Native extension for WindowsStandalone target not found
Refreshing native plugins compatible for Editor in 1.04 ms, found 3 plugins.
Preloading 0 native plugins for Editor in 0.00 ms.
Mono: successfully reloaded assembly
- Completed reload, in  0.786 seconds
Domain Reload Profiling:
	ReloadAssembly (786ms)
		BeginReloadAssembly (77ms)
			ExecutionOrderSort (0ms)
			DisableScriptedObjects (4ms)
			BackupInstance (0ms)
			ReleaseScriptingObjects (0ms)
			CreateAndSetChildDomain (28ms)
		EndReloadAssembly (670ms)
			LoadAssemblies (59ms)
			RebuildTransferFunctionScriptingTraits (0ms)
			SetupTypeCache (223ms)
			ReleaseScriptCaches (1ms)
			RebuildScriptCaches (28ms)
			SetupLoadedEditorAssemblies (293ms)
				LogAssemblyErrors (0ms)
				InitializePlatformSupportModulesInManaged (4ms)
				SetLoadedEditorAssemblies (0ms)
				RefreshPlugins (1ms)
				BeforeProcessingInitializeOnLoad (40ms)
				ProcessInitializeOnLoadAttributes (241ms)
				ProcessInitializeOnLoadMethodAttributes (3ms)
				AfterProcessingInitializeOnLoad (4ms)
				EditorAssembliesLoaded (0ms)
			ExecutionOrderSort2 (0ms)
			AwakeInstancesAfterBackupRestoration (7ms)
Platform modules already initialized, skipping
Refreshing native plugins compatible for Editor in 0.91 ms, found 3 plugins.
Preloading 0 native plugins for Editor in 0.00 ms.
Unloading 3661 Unused Serialized files (Serialized files now loaded: 0)
System memory in use before: 338.1 MB.
System memory in use after: 338.4 MB.

Unloading 22 unused Assets to reduce memory usage. Loaded Objects now: 4274.
Total: 1.882800 ms (FindLiveObjects: 0.221900 ms CreateObjectMapping: 0.097300 ms MarkObjects: 1.547600 ms  DeleteObjects: 0.015100 ms)

AssetImportParameters requested are different than current active one (requested -> active):
  custom:framework-win-MediaFoundation: 216162199b28c13a410421893ffa2e32 -> 
  custom:video-decoder-ogg-theora: a1e56fd34408186e4bbccfd4996cb3dc -> 
  custom:container-muxer-webm: aa71ff27fc2769a1b78a27578f13a17b -> 
  custom:container-demuxer-webm: 4f35f7cbe854078d1ac9338744f61a02 -> 
  custom:container-demuxer-ogg: 62fdf1f143b41e24485cea50d1cbac27 -> 
  custom:video-encoder-webm-vp8: eb34c28f22e8b96e1ab97ce403110664 -> 
  custom:video-decoder-webm-vp8: 9c59270c3fd7afecdb556c50c9e8de78 -> 
  custom:audio-decoder-ogg-vorbis: bf7c407c2cedff20999df2af8eb42d56 -> 
  custom:audio-encoder-webm-vorbis: bf7c407c2cedff20999df2af8eb42d56 -> 
========================================================================
Received Prepare
Registering precompiled user dll's ...
Registered in 0.003413 seconds.
Begin MonoManager ReloadAssembly
Symbol file LoadedFromMemory doesn't match image D:\Unity_TeamProject\TeamProject_0902\Library\PackageCache\com.unity.visualscripting@1.6.1\Editor\VisualScripting.Core\Dependencies\YamlDotNet\Unity.VisualScripting.YamlDotNet.dll
Symbol file LoadedFromMemory doesn't match image D:\Unity_TeamProject\TeamProject_0902\Library\PackageCache\com.unity.visualscripting@1.6.1\Editor\VisualScripting.Core\Dependencies\DotNetZip\Unity.VisualScripting.IonicZip.dll
Native extension for WindowsStandalone target not found
Refreshing native plugins compatible for Editor in 0.85 ms, found 3 plugins.
Preloading 0 native plugins for Editor in 0.00 ms.
Mono: successfully reloaded assembly
- Completed reload, in  0.773 seconds
Domain Reload Profiling:
	ReloadAssembly (773ms)
		BeginReloadAssembly (77ms)
			ExecutionOrderSort (0ms)
			DisableScriptedObjects (4ms)
			BackupInstance (0ms)
			ReleaseScriptingObjects (0ms)
			CreateAndSetChildDomain (27ms)
		EndReloadAssembly (657ms)
			LoadAssemblies (56ms)
			RebuildTransferFunctionScriptingTraits (0ms)
			SetupTypeCache (230ms)
			ReleaseScriptCaches (1ms)
			RebuildScriptCaches (29ms)
			SetupLoadedEditorAssemblies (274ms)
				LogAssemblyErrors (0ms)
				InitializePlatformSupportModulesInManaged (3ms)
				SetLoadedEditorAssemblies (0ms)
				RefreshPlugins (1ms)
				BeforeProcessingInitializeOnLoad (38ms)
				ProcessInitializeOnLoadAttributes (225ms)
				ProcessInitializeOnLoadMethodAttributes (3ms)
				AfterProcessingInitializeOnLoad (4ms)
				EditorAssembliesLoaded (0ms)
			ExecutionOrderSort2 (0ms)
			AwakeInstancesAfterBackupRestoration (7ms)
Platform modules already initialized, skipping
Refreshing native plugins compatible for Editor in 1.00 ms, found 3 plugins.
Preloading 0 native plugins for Editor in 0.00 ms.
Unloading 3661 Unused Serialized files (Serialized files now loaded: 0)
System memory in use before: 338.1 MB.
System memory in use after: 338.4 MB.

Unloading 22 unused Assets to reduce memory usage. Loaded Objects now: 4277.
Total: 2.180600 ms (FindLiveObjects: 0.256100 ms CreateObjectMapping: 0.160100 ms MarkObjects: 1.747200 ms  DeleteObjects: 0.016100 ms)

AssetImportParameters requested are different than current active one (requested -> active):
  custom:framework-win-MediaFoundation: 216162199b28c13a410421893ffa2e32 -> 
  custom:video-decoder-ogg-theora: a1e56fd34408186e4bbccfd4996cb3dc -> 
  custom:container-muxer-webm: aa71ff27fc2769a1b78a27578f13a17b -> 
  custom:container-demuxer-webm: 4f35f7cbe854078d1ac9338744f61a02 -> 
  custom:container-demuxer-ogg: 62fdf1f143b41e24485cea50d1cbac27 -> 
  custom:video-encoder-webm-vp8: eb34c28f22e8b96e1ab97ce403110664 -> 
  custom:video-decoder-webm-vp8: 9c59270c3fd7afecdb556c50c9e8de78 -> 
  custom:audio-decoder-ogg-vorbis: bf7c407c2cedff20999df2af8eb42d56 -> 
  custom:audio-encoder-webm-vorbis: bf7c407c2cedff20999df2af8eb42d56 -> 
========================================================================
Received Prepare
Registering precompiled user dll's ...
Registered in 0.003265 seconds.
Begin MonoManager ReloadAssembly
Symbol file LoadedFromMemory doesn't match image D:\Unity_TeamProject\TeamProject_0902\Library\PackageCache\com.unity.visualscripting@1.6.1\Editor\VisualScripting.Core\Dependencies\YamlDotNet\Unity.VisualScripting.YamlDotNet.dll
Symbol file LoadedFromMemory doesn't match image D:\Unity_TeamProject\TeamProject_0902\Library\PackageCache\com.unity.visualscripting@1.6.1\Editor\VisualScripting.Core\Dependencies\DotNetZip\Unity.VisualScripting.IonicZip.dll
Native extension for WindowsStandalone target not found
Refreshing native plugins compatible for Editor in 0.84 ms, found 3 plugins.
Preloading 0 native plugins for Editor in 0.00 ms.
Mono: successfully reloaded assembly
- Completed reload, in  0.805 seconds
Domain Reload Profiling:
	ReloadAssembly (805ms)
		BeginReloadAssembly (79ms)
			ExecutionOrderSort (0ms)
			DisableScriptedObjects (4ms)
			BackupInstance (0ms)
			ReleaseScriptingObjects (0ms)
			CreateAndSetChildDomain (24ms)
		EndReloadAssembly (687ms)
			LoadAssemblies (55ms)
			RebuildTransferFunctionScriptingTraits (0ms)
			SetupTypeCache (224ms)
			ReleaseScriptCaches (1ms)
			RebuildScriptCaches (29ms)
			SetupLoadedEditorAssemblies (306ms)
				LogAssemblyErrors (0ms)
				InitializePlatformSupportModulesInManaged (3ms)
				SetLoadedEditorAssemblies (0ms)
				RefreshPlugins (1ms)
				BeforeProcessingInitializeOnLoad (42ms)
				ProcessInitializeOnLoadAttributes (252ms)
				ProcessInitializeOnLoadMethodAttributes (3ms)
				AfterProcessingInitializeOnLoad (4ms)
				EditorAssembliesLoaded (0ms)
			ExecutionOrderSort2 (0ms)
			AwakeInstancesAfterBackupRestoration (7ms)
Platform modules already initialized, skipping
Refreshing native plugins compatible for Editor in 0.90 ms, found 3 plugins.
Preloading 0 native plugins for Editor in 0.00 ms.
Unloading 3661 Unused Serialized files (Serialized files now loaded: 0)
System memory in use before: 338.2 MB.
System memory in use after: 338.4 MB.

Unloading 22 unused Assets to reduce memory usage. Loaded Objects now: 4280.
Total: 2.010000 ms (FindLiveObjects: 0.201900 ms CreateObjectMapping: 0.110600 ms MarkObjects: 1.657700 ms  DeleteObjects: 0.039000 ms)

AssetImportParameters requested are different than current active one (requested -> active):
  custom:framework-win-MediaFoundation: 216162199b28c13a410421893ffa2e32 -> 
  custom:video-decoder-ogg-theora: a1e56fd34408186e4bbccfd4996cb3dc -> 
  custom:container-muxer-webm: aa71ff27fc2769a1b78a27578f13a17b -> 
  custom:container-demuxer-webm: 4f35f7cbe854078d1ac9338744f61a02 -> 
  custom:container-demuxer-ogg: 62fdf1f143b41e24485cea50d1cbac27 -> 
  custom:video-encoder-webm-vp8: eb34c28f22e8b96e1ab97ce403110664 -> 
  custom:video-decoder-webm-vp8: 9c59270c3fd7afecdb556c50c9e8de78 -> 
  custom:audio-decoder-ogg-vorbis: bf7c407c2cedff20999df2af8eb42d56 -> 
  custom:audio-encoder-webm-vorbis: bf7c407c2cedff20999df2af8eb42d56 -> 
AssetImportWorkerClient::OnTransportError - code=2 error=End of file
